<?xml version="1.0" encoding="UTF-8"?>
<robot generator="Robot Framework" generated="20250609 10:10:00.000" rpa="false">
  <suite id="s1" name="Search Tests" source="tests/search.robot">

    <test id="s1-t1" name="Search Results Match Query Term">
      <tag>priority=high</tag>
      <tag>severity=high</tag>
      <kw name="Enter Search Query">
        <msg timestamp="20250609 10:10:01.000" level="INFO">Entered query: wireless headphones</msg>
        <status status="PASS" starttime="20250609 10:10:01.000" endtime="20250609 10:10:01.400"/>
      </kw>
      <kw name="Submit Search">
        <msg timestamp="20250609 10:10:01.400" level="INFO">Submitted search</msg>
        <status status="PASS" starttime="20250609 10:10:01.400" endtime="20250609 10:10:02.100"/>
      </kw>
      <kw name="Verify Search Result Count">
        <msg timestamp="20250609 10:10:02.100" level="FAIL">Expected 12 results but got 0</msg>
        <status status="FAIL" starttime="20250609 10:10:02.100" endtime="20250609 10:10:02.600"/>
      </kw>
      <status status="FAIL" starttime="20250609 10:10:01.000" endtime="20250609 10:10:02.600">Expected 12 results but got 0</status>
    </test>

    <test id="s1-t2" name="Filter Results By Category Narrows Results">
      <tag>priority=high</tag>
      <tag>severity=medium</tag>
      <kw name="Enter Search Query">
        <msg timestamp="20250609 10:10:03.000" level="INFO">Entered query: laptop</msg>
        <status status="PASS" starttime="20250609 10:10:03.000" endtime="20250609 10:10:03.400"/>
      </kw>
      <kw name="Apply Category Filter">
        <msg timestamp="20250609 10:10:03.400" level="INFO">Selected category: Electronics</msg>
        <status status="PASS" starttime="20250609 10:10:03.400" endtime="20250609 10:10:04.000"/>
      </kw>
      <kw name="Verify Search Result Count">
        <msg timestamp="20250609 10:10:04.000" level="FAIL">Expected 8 results but got 0</msg>
        <status status="FAIL" starttime="20250609 10:10:04.000" endtime="20250609 10:10:04.500"/>
      </kw>
      <status status="FAIL" starttime="20250609 10:10:03.000" endtime="20250609 10:10:04.500">Expected 8 results but got 0</status>
    </test>

    <test id="s1-t3" name="Search Results Pagination Works Correctly">
      <tag>priority=medium</tag>
      <tag>severity=medium</tag>
      <kw name="Navigate To Search Page 2">
        <msg timestamp="20250609 10:10:05.000" level="INFO">Clicked page 2 of results</msg>
        <status status="PASS" starttime="20250609 10:10:05.000" endtime="20250609 10:10:05.800"/>
      </kw>
      <kw name="Verify Page 2 Results">
        <msg timestamp="20250609 10:10:05.800" level="FAIL">Page 2 of search results returned 0 items, expected at least 1</msg>
        <status status="FAIL" starttime="20250609 10:10:05.800" endtime="20250609 10:10:06.200"/>
      </kw>
      <status status="FAIL" starttime="20250609 10:10:05.000" endtime="20250609 10:10:06.200">Page 2 of search results returned 0 items, expected at least 1</status>
    </test>

    <test id="s1-t4" name="Autocomplete Dropdown Shows Suggestions">
      <tag>priority=low</tag>
      <tag>severity=low</tag>
      <kw name="Type In Search Box">
        <msg timestamp="20250609 10:10:07.000" level="INFO">Typed: wire</msg>
        <status status="PASS" starttime="20250609 10:10:07.000" endtime="20250609 10:10:07.400"/>
      </kw>
      <kw name="Wait For Autocomplete Dropdown">
        <msg timestamp="20250609 10:10:07.400" level="FAIL">Autocomplete dropdown not visible after 2 seconds</msg>
        <status status="FAIL" starttime="20250609 10:10:07.400" endtime="20250609 10:10:09.400"/>
      </kw>
      <status status="FAIL" starttime="20250609 10:10:07.000" endtime="20250609 10:10:09.400">Autocomplete dropdown not visible after 2 seconds</status>
    </test>

    <test id="s1-t5" name="Recent Search History Persists After Navigation">
      <tag>priority=low</tag>
      <status status="PASS" starttime="20250609 10:10:10.000" endtime="20250609 10:10:11.500"/>
    </test>

    <status status="FAIL" starttime="20250609 10:10:00.000" endtime="20250609 10:10:11.500"/>
  </suite>
  <statistics>
    <total>
      <all pass="1" fail="4">All Tests</all>
    </total>
    <tag/>
    <suite>
      <stat pass="1" fail="4" id="s1" name="Search Tests">Search Tests</stat>
    </suite>
  </statistics>
  <errors/>
</robot>
