<?xml version="1.0" encoding="UTF-8"?>
<robot generator="Robot Framework" generated="20250609 10:15:00.000" rpa="false">
  <suite id="s1" name="Payment Tests" source="tests/payments.robot">

    <test id="s1-t1" name="Process Credit Card Payment">
      <tag>priority=critical</tag>
      <tag>severity=critical</tag>
      <kw name="Navigate To Payment Page">
        <msg timestamp="20250609 10:15:01.000" level="INFO">Navigated to /checkout/payment</msg>
        <status status="PASS" starttime="20250609 10:15:01.000" endtime="20250609 10:15:01.500"/>
      </kw>
      <kw name="Submit Credit Card Payment">
        <msg timestamp="20250609 10:15:01.500" level="FAIL">Wrong response code received (expected 200 but received 500)
**SENT DETAILS**
URL: https://api.payments-service.internal/v1/transactions
Method: POST
**RESPONSE DETAILS**
Reason: Internal Server Error
Response Body: {"Message": "Payment gateway connection timed out after 30s"}</msg>
        <status status="FAIL" starttime="20250609 10:15:01.500" endtime="20250609 10:15:03.200"/>
      </kw>
      <status status="FAIL" starttime="20250609 10:15:01.000" endtime="20250609 10:15:03.200">Wrong response code received (expected 200 but received 500)
**SENT DETAILS**
URL: https://api.payments-service.internal/v1/transactions
Method: POST
**RESPONSE DETAILS**
Reason: Internal Server Error
Response Body: {"Message": "Payment gateway connection timed out after 30s"}</status>
    </test>

    <test id="s1-t2" name="Process PayPal Payment Creates Order">
      <tag>priority=high</tag>
      <tag>severity=high</tag>
      <kw name="Click PayPal Payment Option">
        <msg timestamp="20250609 10:15:04.000" level="INFO">Selected PayPal as payment method</msg>
        <status status="PASS" starttime="20250609 10:15:04.000" endtime="20250609 10:15:04.400"/>
      </kw>
      <kw name="Confirm PayPal Order">
        <msg timestamp="20250609 10:15:04.400" level="FAIL">Wrong response code received (expected 201 but received 422)
**SENT DETAILS**
URL: https://api.payments-service.internal/v1/paypal/orders
Method: POST
**RESPONSE DETAILS**
Reason: Unprocessable Entity
Response Body: {"Message": "Invalid PayPal configuration", "detail": "Merchant account not active in sandbox environment"}</msg>
        <status status="FAIL" starttime="20250609 10:15:04.400" endtime="20250609 10:15:05.100"/>
      </kw>
      <status status="FAIL" starttime="20250609 10:15:04.000" endtime="20250609 10:15:05.100">Wrong response code received (expected 201 but received 422)
**SENT DETAILS**
URL: https://api.payments-service.internal/v1/paypal/orders
Method: POST
**RESPONSE DETAILS**
Reason: Unprocessable Entity
Response Body: {"Message": "Invalid PayPal configuration", "detail": "Merchant account not active in sandbox environment"}</status>
    </test>

    <test id="s1-t3" name="Payment Status Reflected In Order After Completion">
      <tag>priority=critical</tag>
      <tag>severity=medium</tag>
      <kw name="Complete Payment Flow">
        <msg timestamp="20250609 10:15:06.000" level="INFO">Payment submitted successfully</msg>
        <status status="PASS" starttime="20250609 10:15:06.000" endtime="20250609 10:15:07.500"/>
      </kw>
      <kw name="Navigate To Order Confirmation">
        <msg timestamp="20250609 10:15:07.500" level="INFO">Navigated to /orders/ORD-20250609-001</msg>
        <status status="PASS" starttime="20250609 10:15:07.500" endtime="20250609 10:15:08.200"/>
      </kw>
      <kw name="Verify Order Status Is Confirmed">
        <msg timestamp="20250609 10:15:08.200" level="FAIL">Order status still 'pending' after 30 seconds, expected 'confirmed'</msg>
        <status status="FAIL" starttime="20250609 10:15:08.200" endtime="20250609 10:15:38.200"/>
      </kw>
      <status status="FAIL" starttime="20250609 10:15:06.000" endtime="20250609 10:15:38.200">Order status still 'pending' after 30 seconds, expected 'confirmed'</status>
    </test>

    <test id="s1-t4" name="Declined Card Shows Appropriate Error Message">
      <tag>priority=medium</tag>
      <status status="PASS" starttime="20250609 10:15:39.000" endtime="20250609 10:15:40.500"/>
    </test>

    <status status="FAIL" starttime="20250609 10:15:00.000" endtime="20250609 10:15:40.500"/>
  </suite>
  <statistics>
    <total>
      <all pass="1" fail="3">All Tests</all>
    </total>
    <tag/>
    <suite>
      <stat pass="1" fail="3" id="s1" name="Payment Tests">Payment Tests</stat>
    </suite>
  </statistics>
  <errors/>
</robot>
