<?xml version="1.0" encoding="UTF-8"?>
<robot generator="Robot Framework" generated="20250609 10:05:00.000" rpa="false">
  <suite id="s1" name="Authentication Tests" source="tests/authentication.robot">

    <test id="s1-t1" name="Login With Valid Credentials Redirects To Dashboard">
      <tag>priority=critical</tag>
      <tag>severity=high</tag>
      <kw name="Open Login Page">
        <msg timestamp="20250609 10:05:01.000" level="INFO">Opened /login</msg>
        <status status="PASS" starttime="20250609 10:05:01.000" endtime="20250609 10:05:01.500"/>
      </kw>
      <kw name="Enter Valid Credentials">
        <msg timestamp="20250609 10:05:01.500" level="INFO">Entered username and password</msg>
        <status status="PASS" starttime="20250609 10:05:01.500" endtime="20250609 10:05:02.000"/>
      </kw>
      <kw name="Wait Until Dashboard Is Visible">
        <msg timestamp="20250609 10:05:02.000" level="FAIL">Element 'dashboard-welcome-banner' not visible after 5 seconds</msg>
        <status status="FAIL" starttime="20250609 10:05:02.000" endtime="20250609 10:05:07.000"/>
      </kw>
      <status status="FAIL" starttime="20250609 10:05:01.000" endtime="20250609 10:05:07.000">Element 'dashboard-welcome-banner' not visible after 5 seconds</status>
    </test>

    <test id="s1-t2" name="Register New Account Sends Verification Email">
      <tag>priority=high</tag>
      <tag>severity=medium</tag>
      <kw name="Navigate To Registration Page">
        <msg timestamp="20250609 10:05:08.000" level="INFO">Opened /register</msg>
        <status status="PASS" starttime="20250609 10:05:08.000" endtime="20250609 10:05:08.600"/>
      </kw>
      <kw name="Fill Registration Form">
        <msg timestamp="20250609 10:05:08.600" level="INFO">Filled all required fields</msg>
        <status status="PASS" starttime="20250609 10:05:08.600" endtime="20250609 10:05:09.500"/>
      </kw>
      <kw name="Verify Confirmation Email Received">
        <msg timestamp="20250609 10:05:09.500" level="FAIL">Email verification message not received within 30 seconds</msg>
        <status status="FAIL" starttime="20250609 10:05:09.500" endtime="20250609 10:05:39.500"/>
      </kw>
      <status status="FAIL" starttime="20250609 10:05:08.000" endtime="20250609 10:05:39.500">Email verification message not received within 30 seconds</status>
    </test>

    <test id="s1-t3" name="Password Reset Flow Sends Reset Link">
      <tag>priority=medium</tag>
      <tag>quarantine-intermittent-email-delay</tag>
      <kw name="Navigate To Forgot Password Page">
        <msg timestamp="20250609 10:05:40.000" level="INFO">Opened /forgot-password</msg>
        <status status="PASS" starttime="20250609 10:05:40.000" endtime="20250609 10:05:40.500"/>
      </kw>
      <kw name="Submit Email For Password Reset">
        <msg timestamp="20250609 10:05:40.500" level="INFO">Submitted reset request for test user</msg>
        <status status="PASS" starttime="20250609 10:05:40.500" endtime="20250609 10:05:41.200"/>
      </kw>
      <kw name="Verify Reset Confirmation Banner Shown">
        <msg timestamp="20250609 10:05:41.200" level="FAIL">Element 'reset-confirmation-banner' not visible after 5 seconds</msg>
        <status status="FAIL" starttime="20250609 10:05:41.200" endtime="20250609 10:05:46.200"/>
      </kw>
      <status status="FAIL" starttime="20250609 10:05:40.000" endtime="20250609 10:05:46.200">Element 'reset-confirmation-banner' not visible after 5 seconds</status>
    </test>

    <test id="s1-t4" name="Login With SSO Provider Redirects Correctly">
      <tag>priority=medium</tag>
      <tag>defectid=AUTH-456</tag>
      <kw name="Click SSO Login Button">
        <msg timestamp="20250609 10:05:47.000" level="INFO">Clicked SSO provider button</msg>
        <status status="PASS" starttime="20250609 10:05:47.000" endtime="20250609 10:05:47.500"/>
      </kw>
      <kw name="Verify OAuth Callback URL">
        <msg timestamp="20250609 10:05:47.500" level="FAIL">OAuth callback URL mismatch: expected /auth/callback but received /auth/error?reason=invalid_state</msg>
        <status status="FAIL" starttime="20250609 10:05:47.500" endtime="20250609 10:05:48.000"/>
      </kw>
      <status status="FAIL" starttime="20250609 10:05:47.000" endtime="20250609 10:05:48.000">OAuth callback URL mismatch: expected /auth/callback but received /auth/error?reason=invalid_state</status>
    </test>

    <test id="s1-t5" name="Logout Clears Session And Redirects To Login">
      <tag>priority=medium</tag>
      <status status="PASS" starttime="20250609 10:05:49.000" endtime="20250609 10:05:50.200"/>
    </test>

    <status status="FAIL" starttime="20250609 10:05:00.000" endtime="20250609 10:05:50.200"/>
  </suite>
  <statistics>
    <total>
      <all pass="1" fail="4">All Tests</all>
    </total>
    <tag/>
    <suite>
      <stat pass="1" fail="4" id="s1" name="Authentication Tests">Authentication Tests</stat>
    </suite>
  </statistics>
  <errors/>
</robot>
