<?xml version="1.0" encoding="UTF-8"?>
<robot generator="Robot Framework" generated="20250609 10:20:00.000" rpa="false">
  <suite id="s1" name="User Profile Tests" source="tests/user_profile.robot">

    <test id="s1-t1" name="Update Profile Picture Uploads To Storage">
      <tag>priority=medium</tag>
      <tag>severity=medium</tag>
      <kw name="Navigate To Profile Settings">
        <msg timestamp="20250609 10:20:01.000" level="INFO">Navigated to /profile/settings</msg>
        <status status="PASS" starttime="20250609 10:20:01.000" endtime="20250609 10:20:01.500"/>
      </kw>
      <kw name="Select Profile Picture File">
        <msg timestamp="20250609 10:20:01.500" level="INFO">Selected avatar.png</msg>
        <status status="PASS" starttime="20250609 10:20:01.500" endtime="20250609 10:20:02.000"/>
      </kw>
      <kw name="Upload File To S3">
        <msg timestamp="20250609 10:20:02.000" level="FAIL">No keyword with name 'Upload File To S3' found. Did you forget to import the S3StorageLibrary?</msg>
        <status status="FAIL" starttime="20250609 10:20:02.000" endtime="20250609 10:20:02.100"/>
      </kw>
      <status status="FAIL" starttime="20250609 10:20:01.000" endtime="20250609 10:20:02.100">No keyword with name 'Upload File To S3' found. Did you forget to import the S3StorageLibrary?</status>
    </test>

    <test id="s1-t2" name="Save User Notification Preferences">
      <tag>priority=medium</tag>
      <tag>severity=medium</tag>
      <kw name="Open Notification Settings">
        <msg timestamp="20250609 10:20:03.000" level="FAIL">Setup failed: deadlock detected acquiring lock on table user_preferences — another process holds a conflicting write lock</msg>
        <status status="FAIL" starttime="20250609 10:20:03.000" endtime="20250609 10:20:03.500"/>
      </kw>
      <status status="FAIL" starttime="20250609 10:20:03.000" endtime="20250609 10:20:03.500">Setup failed: deadlock detected acquiring lock on table user_preferences — another process holds a conflicting write lock</status>
    </test>

    <test id="s1-t3" name="Order History Displays Recent Orders Correctly">
      <tag>priority=medium</tag>
      <tag>severity=medium</tag>
      <tag>defectid=PROF-789</tag>
      <kw name="Navigate To Order History">
        <msg timestamp="20250609 10:20:04.000" level="INFO">Navigated to /profile/orders</msg>
        <status status="PASS" starttime="20250609 10:20:04.000" endtime="20250609 10:20:04.800"/>
      </kw>
      <kw name="Verify Order Row Count">
        <msg timestamp="20250609 10:20:04.800" level="FAIL">Expected 5 order rows but found 3</msg>
        <status status="FAIL" starttime="20250609 10:20:04.800" endtime="20250609 10:20:05.200"/>
      </kw>
      <status status="FAIL" starttime="20250609 10:20:04.000" endtime="20250609 10:20:05.200">Expected 5 order rows but found 3</status>
    </test>

    <test id="s1-t4" name="Update Email Address Sends Confirmation">
      <tag>priority=medium</tag>
      <status status="PASS" starttime="20250609 10:20:06.000" endtime="20250609 10:20:07.800"/>
    </test>

    <status status="FAIL" starttime="20250609 10:20:00.000" endtime="20250609 10:20:07.800"/>
  </suite>
  <statistics>
    <total>
      <all pass="1" fail="3">All Tests</all>
    </total>
    <tag/>
    <suite>
      <stat pass="1" fail="3" id="s1" name="User Profile Tests">User Profile Tests</stat>
    </suite>
  </statistics>
  <errors/>
</robot>
